filot_shoppings_login/build 2/intermediates/manifest_merge_blame_file/debug/manifest-merger-blame-debug-report.txt
1<?xml version="1.0" encoding="utf-8"?>
2<manifest xmlns:android="http://schemas.android.com/apk/res/android"
3    package="com.zzuh.filot_shoppings_login" >
4
5    <uses-sdk
6        android:minSdkVersion="21"
6-->src/main/AndroidManifest.xml
7        android:targetSdkVersion="32" />
7-->src/main/AndroidManifest.xml
8
9    <uses-permission android:name="android.permission.INTERNET" />
9-->src/main/AndroidManifest.xml:4:5-66
9-->src/main/AndroidManifest.xml:4:22-64
10
11    <application
11-->src/main/AndroidManifest.xml:6:5-22:19
12        android:allowBackup="true"
12-->src/main/AndroidManifest.xml:7:9-35
13        android:icon="@mipmap/ic_launcher"
13-->src/main/AndroidManifest.xml:8:9-43
14        android:label="@string/app_name"
14-->src/main/AndroidManifest.xml:9:9-41
15        android:roundIcon="@mipmap/ic_launcher_round"
15-->src/main/AndroidManifest.xml:10:9-54
16        android:supportsRtl="true"
16-->src/main/AndroidManifest.xml:11:9-35
17        android:theme="@style/Theme.Filot_shoppings" >
17-->src/main/AndroidManifest.xml:12:9-53
18        <activity
18-->src/main/AndroidManifest.xml:13:9-15:38
19            android:name="com.zzuh.filot_shoppings_login.ui.login.LoginActivity"
19-->src/main/AndroidManifest.xml:14:13-51
20            android:exported="true" />
20-->src/main/AndroidManifest.xml:15:13-36
21        <activity
21-->src/main/AndroidManifest.xml:16:9-18:39
22            android:name="com.zzuh.filot_shoppings_login.ui.login.JoinActivity"
22-->src/main/AndroidManifest.xml:17:13-50
23            android:exported="false" />
23-->src/main/AndroidManifest.xml:18:13-37
24        <activity
24-->src/main/AndroidManifest.xml:19:9-21:39
25            android:name="com.zzuh.filot_shoppings_login.ui.login.FindUserActivity"
25-->src/main/AndroidManifest.xml:20:13-54
26            android:exported="false" />
26-->src/main/AndroidManifest.xml:21:13-37
27    </application>
28
29</manifest>